<?xml version="1.0" encoding="UTF-8"?>
<testsuite xmlns:xsi="http://www.w3.org/2001/XMLSchema-instance" xsi:noNamespaceSchemaLocation="https://maven.apache.org/surefire/maven-surefire-plugin/xsd/surefire-test-report.xsd" version="3.0.2" name="comMaven.UserServiceAiTest" time="0.256" tests="24" errors="0" skipped="0" failures="0">
  <properties>
[...]
</properties>
  <testcase name="testName_NullValue" classname="用户服务测试类" time="0.043">
    <system-out><![CDATA[===== 所有测试开始 =====
=== 测试方法开始执行 ===
=== 测试方法执行结束 ===
]]></system-out>
  </testcase>
  <testcase name="testName_EmptyString" classname="用户服务测试类" time="0.002">
    <system-out><![CDATA[=== 测试方法开始执行 ===
=== 测试方法执行结束 ===
]]></system-out>
  </testcase>
  <testcase name="testAgeBoundary_Negative" classname="用户服务测试类" time="0.003">
    <system-out><![CDATA[=== 测试方法开始执行 ===
=== 测试方法执行结束 ===
]]></system-out>
  </testcase>
  <testcase name="testAgeBoundary_Maximum" classname="用户服务测试类" time="0.002">
    <system-out><![CDATA[=== 测试方法开始执行 ===
=== 测试方法执行结束 ===
]]></system-out>
  </testcase>
  <testcase name="testAgeBoundary_Minimum" classname="用户服务测试类" time="0.003">
    <system-out><![CDATA[=== 测试方法开始执行 ===
=== 测试方法执行结束 ===
]]></system-out>
  </testcase>
  <testcase name="testShowMethod_ThrowsException" classname="用户服务测试类" time="0.008">
    <system-out><![CDATA[=== 测试方法开始执行 ===
name:张三 age:18
=== 测试方法执行结束 ===
]]></system-out>
  </testcase>
  <testcase name="testNoArgsConstructor" classname="用户服务测试类" time="0.003">
    <system-out><![CDATA[=== 测试方法开始执行 ===
=== 测试方法执行结束 ===
]]></system-out>
  </testcase>
  <testcase name="testUserService_GetName(String)[1]" classname="用户服务测试类" time="0.009">
    <system-out><![CDATA[=== 测试方法开始执行 ===
=== 测试方法执行结束 ===
]]></system-out>
  </testcase>
  <testcase name="testUserService_GetName(String)[2]" classname="用户服务测试类" time="0.001">
    <system-out><![CDATA[=== 测试方法开始执行 ===
=== 测试方法执行结束 ===
]]></system-out>
  </testcase>
  <testcase name="testUserService_GetName(String)[3]" classname="用户服务测试类" time="0.001">
    <system-out><![CDATA[=== 测试方法开始执行 ===
=== 测试方法执行结束 ===
]]></system-out>
  </testcase>
  <testcase name="testName_VeryLongString" classname="用户服务测试类" time="0.001">
    <system-out><![CDATA[=== 测试方法开始执行 ===
=== 测试方法执行结束 ===
]]></system-out>
  </testcase>
  <testcase name="testName_SpecialCharacters(String)[1]" classname="用户服务测试类" time="0.002">
    <system-out><![CDATA[=== 测试方法开始执行 ===
=== 测试方法执行结束 ===
]]></system-out>
  </testcase>
  <testcase name="testName_SpecialCharacters(String)[2]" classname="用户服务测试类" time="0.003">
    <system-out><![CDATA[=== 测试方法开始执行 ===
=== 测试方法执行结束 ===
]]></system-out>
  </testcase>
  <testcase name="testName_SpecialCharacters(String)[3]" classname="用户服务测试类" time="0.002">
    <system-out><![CDATA[=== 测试方法开始执行 ===
=== 测试方法执行结束 ===
]]></system-out>
  </testcase>
  <testcase name="testName_SpecialCharacters(String)[4]" classname="用户服务测试类" time="0.002">
    <system-out><![CDATA[=== 测试方法开始执行 ===
=== 测试方法执行结束 ===
]]></system-out>
  </testcase>
  <testcase name="testSetName" classname="用户服务测试类" time="0.002">
    <system-out><![CDATA[=== 测试方法开始执行 ===
=== 测试方法执行结束 ===
]]></system-out>
  </testcase>
  <testcase name="testUserService_AgeBoundaries(int)[1]" classname="用户服务测试类" time="0.005">
    <system-out><![CDATA[=== 测试方法开始执行 ===
=== 测试方法执行结束 ===
]]></system-out>
  </testcase>
  <testcase name="testUserService_AgeBoundaries(int)[2]" classname="用户服务测试类" time="0.002">
    <system-out><![CDATA[=== 测试方法开始执行 ===
=== 测试方法执行结束 ===
]]></system-out>
  </testcase>
  <testcase name="testUserService_AgeBoundaries(int)[3]" classname="用户服务测试类" time="0.001">
    <system-out><![CDATA[=== 测试方法开始执行 ===
=== 测试方法执行结束 ===
]]></system-out>
  </testcase>
  <testcase name="testUserService_AgeBoundaries(int)[4]" classname="用户服务测试类" time="0.001">
    <system-out><![CDATA[=== 测试方法开始执行 ===
=== 测试方法执行结束 ===
]]></system-out>
  </testcase>
  <testcase name="testUserService_AgeBoundaries(int)[5]" classname="用户服务测试类" time="0.001">
    <system-out><![CDATA[=== 测试方法开始执行 ===
=== 测试方法执行结束 ===
]]></system-out>
  </testcase>
  <testcase name="testUserService_AgeBoundaries(int)[6]" classname="用户服务测试类" time="0.001">
    <system-out><![CDATA[=== 测试方法开始执行 ===
=== 测试方法执行结束 ===
]]></system-out>
  </testcase>
  <testcase name="testSetAge" classname="用户服务测试类" time="0.001">
    <system-out><![CDATA[=== 测试方法开始执行 ===
=== 测试方法执行结束 ===
]]></system-out>
  </testcase>
  <testcase name="testBasicConstructor" classname="用户服务测试类" time="0.001">
    <system-out><![CDATA[=== 测试方法开始执行 ===
=== 测试方法执行结束 ===
]]></system-out>
  </testcase>
</testsuite>